C:\USERS\MC1405\DOCUMENTS\VISUAL STUDIO 2010\PROJECTS\MAKINGPATIENTSANDEVENTS\DEBUG\MAKINGPATIENTSANDEVENTS.EXE
C:\USERS\MC1405\DOCUMENTS\VISUAL STUDIO 2010\PROJECTS\MAKINGPATIENTSANDEVENTS\DEBUG\MAKINGPATIENTSANDEVENTS.PDB
C:\Users\mc1405\Documents\Visual Studio 2010\Projects\MakingPatientsAndEvents\MakingPatientsAndEvents\Debug\cl.command.1.tlog
C:\Users\mc1405\Documents\Visual Studio 2010\Projects\MakingPatientsAndEvents\MakingPatientsAndEvents\Debug\CL.read.1.tlog
C:\Users\mc1405\Documents\Visual Studio 2010\Projects\MakingPatientsAndEvents\MakingPatientsAndEvents\Debug\CL.write.1.tlog
C:\USERS\MC1405\DOCUMENTS\VISUAL STUDIO 2010\PROJECTS\MAKINGPATIENTSANDEVENTS\MAKINGPATIENTSANDEVENTS\DEBUG\EVENT.OBJ
C:\USERS\MC1405\DOCUMENTS\VISUAL STUDIO 2010\PROJECTS\MAKINGPATIENTSANDEVENTS\MAKINGPATIENTSANDEVENTS\DEBUG\EVENTFUNCTIONS.OBJ
C:\USERS\MC1405\DOCUMENTS\VISUAL STUDIO 2010\PROJECTS\MAKINGPATIENTSANDEVENTS\MAKINGPATIENTSANDEVENTS\DEBUG\EVENTQ.OBJ
C:\Users\mc1405\Documents\Visual Studio 2010\Projects\MakingPatientsAndEvents\MakingPatientsAndEvents\Debug\link.command.1.tlog
C:\Users\mc1405\Documents\Visual Studio 2010\Projects\MakingPatientsAndEvents\MakingPatientsAndEvents\Debug\link.read.1.tlog
C:\Users\mc1405\Documents\Visual Studio 2010\Projects\MakingPatientsAndEvents\MakingPatientsAndEvents\Debug\link.write.1.tlog
C:\Users\mc1405\Documents\Visual Studio 2010\Projects\MakingPatientsAndEvents\MakingPatientsAndEvents\Debug\link-cvtres.read.1.tlog
C:\Users\mc1405\Documents\Visual Studio 2010\Projects\MakingPatientsAndEvents\MakingPatientsAndEvents\Debug\link-cvtres.write.1.tlog
C:\USERS\MC1405\DOCUMENTS\VISUAL STUDIO 2010\PROJECTS\MAKINGPATIENTSANDEVENTS\MAKINGPATIENTSANDEVENTS\DEBUG\MAIN.OBJ
C:\USERS\MC1405\DOCUMENTS\VISUAL STUDIO 2010\PROJECTS\MAKINGPATIENTSANDEVENTS\MAKINGPATIENTSANDEVENTS\DEBUG\MAKINGPATIENTSANDEVENTS.EXE.EMBED.MANIFEST
C:\USERS\MC1405\DOCUMENTS\VISUAL STUDIO 2010\PROJECTS\MAKINGPATIENTSANDEVENTS\MAKINGPATIENTSANDEVENTS\DEBUG\MAKINGPATIENTSANDEVENTS.EXE.EMBED.MANIFEST.RES
C:\USERS\MC1405\DOCUMENTS\VISUAL STUDIO 2010\PROJECTS\MAKINGPATIENTSANDEVENTS\MAKINGPATIENTSANDEVENTS\DEBUG\MAKINGPATIENTSANDEVENTS.EXE.INTERMEDIATE.MANIFEST
C:\Users\mc1405\Documents\Visual Studio 2010\Projects\MakingPatientsAndEvents\MakingPatientsAndEvents\Debug\MakingPatientsAndEvents.write.1.tlog
C:\Users\mc1405\Documents\Visual Studio 2010\Projects\MakingPatientsAndEvents\MakingPatientsAndEvents\Debug\MakingPatientsAndEvents_manifest.rc
C:\Users\mc1405\Documents\Visual Studio 2010\Projects\MakingPatientsAndEvents\MakingPatientsAndEvents\Debug\mt.command.1.tlog
C:\Users\mc1405\Documents\Visual Studio 2010\Projects\MakingPatientsAndEvents\MakingPatientsAndEvents\Debug\mt.read.1.tlog
C:\Users\mc1405\Documents\Visual Studio 2010\Projects\MakingPatientsAndEvents\MakingPatientsAndEvents\Debug\mt.write.1.tlog
C:\USERS\MC1405\DOCUMENTS\VISUAL STUDIO 2010\PROJECTS\MAKINGPATIENTSANDEVENTS\MAKINGPATIENTSANDEVENTS\DEBUG\PERSON.OBJ
C:\Users\mc1405\Documents\Visual Studio 2010\Projects\MakingPatientsAndEvents\MakingPatientsAndEvents\Debug\rc.command.1.tlog
C:\Users\mc1405\Documents\Visual Studio 2010\Projects\MakingPatientsAndEvents\MakingPatientsAndEvents\Debug\rc.read.1.tlog
C:\Users\mc1405\Documents\Visual Studio 2010\Projects\MakingPatientsAndEvents\MakingPatientsAndEvents\Debug\rc.write.1.tlog
C:\Users\mc1405\Documents\Visual Studio 2010\Projects\MakingPatientsAndEvents\MakingPatientsAndEvents\Debug\vc100.idb
C:\USERS\MC1405\DOCUMENTS\VISUAL STUDIO 2010\PROJECTS\MAKINGPATIENTSANDEVENTS\MAKINGPATIENTSANDEVENTS\DEBUG\VC100.PDB
