Build started 5/21/2015 11:56:16 AM.
     1>Project "C:\Users\mc1405\Documents\Visual Studio 2010\Projects\MakingPatientsAndEvents\MakingPatientsAndEvents\MakingPatientsAndEvents.vcxproj" on node 2 (build target(s)).
     1>InitializeBuildStatus:
         Touching "x64\Debug\MakingPatientsAndEvents.unsuccessfulbuild".
       ClCompile:
         c:\Program Files (x86)\Microsoft Visual Studio 10.0\VC\bin\x86_amd64\CL.exe /c /Zi /nologo /W3 /WX- /Od /D WIN32 /D _DEBUG /D _CONSOLE /D _UNICODE /D UNICODE /Gm /EHsc /RTC1 /MTd /GS /fp:precise /Zc:wchar_t /Zc:forScope /Fo"x64\Debug\\" /Fd"x64\Debug\vc100.pdb" /Gd /TP /errorReport:prompt main.cpp
         main.cpp
     1>main.cpp(64): warning C4307: '*' : integral constant overflow
     1>main.cpp(93): warning C4244: 'argument' : conversion from 'time_t' to 'unsigned int', possible loss of data
     1>main.cpp(131): warning C4267: 'initializing' : conversion from 'size_t' to 'int', possible loss of data
     1>main.cpp(179): warning C4996: 'fopen': This function or variable may be unsafe. Consider using fopen_s instead. To disable deprecation, use _CRT_SECURE_NO_WARNINGS. See online help for details.
                 c:\Program Files (x86)\Microsoft Visual Studio 10.0\VC\include\stdio.h(234) : see declaration of 'fopen'
       ManifestResourceCompile:
         All outputs are up-to-date.
       Link:
         c:\Program Files (x86)\Microsoft Visual Studio 10.0\VC\bin\x86_amd64\link.exe /ERRORREPORT:PROMPT /OUT:"C:\Users\mc1405\Documents\Visual Studio 2010\Projects\MakingPatientsAndEvents\x64\Debug\MakingPatientsAndEvents.exe" /INCREMENTAL /NOLOGO kernel32.lib user32.lib gdi32.lib winspool.lib comdlg32.lib advapi32.lib shell32.lib ole32.lib oleaut32.lib uuid.lib odbc32.lib odbccp32.lib /MANIFEST /ManifestFile:"x64\Debug\MakingPatientsAndEvents.exe.intermediate.manifest" /MANIFESTUAC:"level='asInvoker' uiAccess='false'" /DEBUG /PDB:"C:\Users\mc1405\Documents\Visual Studio 2010\Projects\MakingPatientsAndEvents\x64\Debug\MakingPatientsAndEvents.pdb" /SUBSYSTEM:CONSOLE /TLBID:1 /DYNAMICBASE /NXCOMPAT /IMPLIB:"C:\Users\mc1405\Documents\Visual Studio 2010\Projects\MakingPatientsAndEvents\x64\Debug\MakingPatientsAndEvents.lib" /MACHINE:X64 /PROFILE x64\Debug\MakingPatientsAndEvents.exe.embed.manifest.res
         x64\Debug\event.obj
         x64\Debug\eventfunctions.obj
         x64\Debug\eventQ.obj
         x64\Debug\main.obj
         x64\Debug\person.obj
     1>LINK : warning LNK4075: ignoring '/INCREMENTAL' due to '/PROFILE' specification
         MakingPatientsAndEvents.vcxproj -> C:\Users\mc1405\Documents\Visual Studio 2010\Projects\MakingPatientsAndEvents\x64\Debug\MakingPatientsAndEvents.exe
       Manifest:
         C:\Program Files (x86)\Microsoft SDKs\Windows\v7.0A\bin\mt.exe /nologo /verbose /out:"x64\Debug\MakingPatientsAndEvents.exe.embed.manifest" /manifest x64\Debug\MakingPatientsAndEvents.exe.intermediate.manifest
         All outputs are up-to-date.
       LinkEmbedManifest:
         All outputs are up-to-date.
         MakingPatientsAndEvents.vcxproj -> C:\Users\mc1405\Documents\Visual Studio 2010\Projects\MakingPatientsAndEvents\x64\Debug\MakingPatientsAndEvents.exe
       FinalizeBuildStatus:
         Deleting file "x64\Debug\MakingPatientsAndEvents.unsuccessfulbuild".
         Touching "x64\Debug\MakingPatientsAndEvents.lastbuildstate".
     1>Done Building Project "C:\Users\mc1405\Documents\Visual Studio 2010\Projects\MakingPatientsAndEvents\MakingPatientsAndEvents\MakingPatientsAndEvents.vcxproj" (build target(s)).

Build succeeded.

Time Elapsed 00:00:00.99
