Build started 5/13/2015 5:23:06 PM.
     1>Project "C:\Users\mc1405\Documents\Visual Studio 2010\Projects\MakingPatientsAndEvents\MakingPatientsAndEvents\MakingPatientsAndEvents.vcxproj" on node 2 (build target(s)).
     1>InitializeBuildStatus:
         Creating "Release\MakingPatientsAndEvents.unsuccessfulbuild" because "AlwaysCreate" was specified.
       ClCompile:
         c:\Program Files (x86)\Microsoft Visual Studio 10.0\VC\bin\CL.exe /c /Zi /nologo /W3 /WX- /O2 /Oi /Oy- /D WIN32 /D NDEBUG /D _CONSOLE /D _UNICODE /D UNICODE /Gm- /EHsc /MT /GS /Gy /fp:precise /Zc:wchar_t /Zc:forScope /Fo"Release\\" /Fd"Release\vc100.pdb" /Gd /TP /analyze- /errorReport:prompt main.cpp
         main.cpp
     1>main.cpp(89): warning C4244: 'argument' : conversion from 'time_t' to 'unsigned int', possible loss of data
     1>main.cpp(144): warning C4996: 'fopen': This function or variable may be unsafe. Consider using fopen_s instead. To disable deprecation, use _CRT_SECURE_NO_WARNINGS. See online help for details.
                 c:\Program Files (x86)\Microsoft Visual Studio 10.0\VC\include\stdio.h(234) : see declaration of 'fopen'
     1>main.cpp(171): warning C4018: '<' : signed/unsigned mismatch
       Link:
         c:\Program Files (x86)\Microsoft Visual Studio 10.0\VC\bin\link.exe /ERRORREPORT:PROMPT /OUT:"C:\Users\mc1405\Documents\Visual Studio 2010\Projects\MakingPatientsAndEvents\Release\MakingPatientsAndEvents.exe" /INCREMENTAL /NOLOGO kernel32.lib user32.lib gdi32.lib winspool.lib comdlg32.lib advapi32.lib shell32.lib ole32.lib oleaut32.lib uuid.lib odbc32.lib odbccp32.lib /MANIFEST:NO /DEBUG /PDB:"C:\Users\mc1405\Documents\Visual Studio 2010\Projects\MakingPatientsAndEvents\Release\MakingPatientsAndEvents.pdb" /SUBSYSTEM:CONSOLE /OPT:NOREF /OPT:NOICF /TLBID:1 /DYNAMICBASE /NXCOMPAT /IMPLIB:"C:\Users\mc1405\Documents\Visual Studio 2010\Projects\MakingPatientsAndEvents\Release\MakingPatientsAndEvents.lib" /MACHINE:X86 Release\event.obj
         Release\eventfunctions.obj
         Release\eventQ.obj
         Release\main.obj
         Release\person.obj
         MakingPatientsAndEvents.vcxproj -> C:\Users\mc1405\Documents\Visual Studio 2010\Projects\MakingPatientsAndEvents\Release\MakingPatientsAndEvents.exe
       FinalizeBuildStatus:
         Deleting file "Release\MakingPatientsAndEvents.unsuccessfulbuild".
         Touching "Release\MakingPatientsAndEvents.lastbuildstate".
     1>Done Building Project "C:\Users\mc1405\Documents\Visual Studio 2010\Projects\MakingPatientsAndEvents\MakingPatientsAndEvents\MakingPatientsAndEvents.vcxproj" (build target(s)).

Build succeeded.

Time Elapsed 00:00:00.71
